[debug] [2018-11-19T16:24:16.687Z] ----------------------------------------------------------------------
[debug] [2018-11-19T16:24:16.687Z] Command:       C:\Program Files\nodejs\node.exe C:\Users\panus\AppData\Roaming\npm\node_modules\firebase-tools\lib\bin\firebase.js serve
[debug] [2018-11-19T16:24:16.687Z] CLI Version:   6.1.0
[debug] [2018-11-19T16:24:16.687Z] Platform:      win32
[debug] [2018-11-19T16:24:16.687Z] Node Version:  v8.12.0
[debug] [2018-11-19T16:24:16.687Z] Time:          Mon Nov 19 2018 21:24:16 GMT+0500 (RTZ 4 (зима))
[debug] [2018-11-19T16:24:16.687Z] ----------------------------------------------------------------------
[debug] 
[debug] [2018-11-19T16:24:16.711Z] > command requires scopes: ["email","openid","https://www.googleapis.com/auth/cloudplatformprojects.readonly","https://www.googleapis.com/auth/firebase","https://www.googleapis.com/auth/cloud-platform"]
[debug] [2018-11-19T16:24:16.712Z] > authorizing via signed-in user
[debug] [2018-11-19T16:24:16.712Z] [iam] checking project socialnetwork-86cf0 for permissions ["firebase.projects.get"]
[debug] [2018-11-19T16:24:16.714Z] >>> HTTP REQUEST POST https://cloudresourcemanager.googleapis.com/v1/projects/socialnetwork-86cf0:testIamPermissions  

[debug] [2018-11-19T16:24:18.000Z] <<< HTTP RESPONSE 200
[debug] [2018-11-19T16:24:18.000Z] >>> HTTP REQUEST GET https://cloudresourcemanager.googleapis.com/v1/projects/socialnetwork-86cf0  
 
[debug] [2018-11-19T16:24:19.116Z] <<< HTTP RESPONSE 200
[info] 
[info] === Serving from 'C:\Games\socialNetwork'...
[info] 
[warn] !  Setup required, please run: firebase setup:emulators:database
[debug] [2018-11-19T16:24:19.116Z] >>> HTTP REQUEST GET https://mobilesdk-pa.googleapis.com/v1/projects/488910860903/clients/_:getWebAppConfig  
 
[debug] [2018-11-19T16:24:19.366Z] 
[error] 
[error] Error: An unexpected error has occurred.
